#! /usr/bin/vvp
:ivl_version "0.9.7 " "(v0_9_7)";
:vpi_time_precision - 10;
:vpi_module "system";
:vpi_module "v2005_math";
:vpi_module "va_math";
S_0xdc6360 .scope module, "test" "test" 2 3;
 .timescale -9 -10;
v0xdf6920_0 .net "address", 7 0, v0xdebc80_0; 1 drivers
v0xdf6a30_0 .var "addrsel", 1 0;
v0xdf6ab0_0 .var "aluop", 1 0;
v0xdf6b30_0 .net "aluout", 7 0, v0xdeff00_0; 1 drivers
v0xdf6c40_0 .var "clk", 0 0;
v0xdf4c10_0 .net "datain", 7 0, v0xdf54e0_0; 1 drivers
v0xdf6e60_0 .net "dbus", 7 0, v0xded870_0; 1 drivers
v0xdf6ee0_0 .var "dregsel", 1 0;
v0xdf6f60_0 .net "dval", 7 0, C4<zzzzzzzz>; 0 drivers
v0xdf6fe0_0 .var "dwrite", 0 0;
v0xdf7060_0 .var "imload", 0 0;
v0xdf70e0_0 .net "imm", 7 0, v0xdf4d20_0; 1 drivers
v0xdf7160_0 .var "irload", 0 0;
v0xdf71e0_0 .net "irvalue", 7 0, v0xdf50d0_0; 1 drivers
v0xdf72e0_0 .var "negative", 0 0;
v0xdf7360_0 .net "pcin", 7 0, v0xdec080_0; 1 drivers
v0xdf7260_0 .var "pcload", 0 0;
v0xdf7520_0 .var "pcsel", 0 0;
v0xdf7640_0 .var "readwrite", 0 0;
v0xdf76c0_0 .var "regsel", 1 0;
v0xdf75a0_0 .net "sbus", 7 0, v0xded390_0; 1 drivers
v0xdf77f0_0 .var "sregsel", 1 0;
v0xdf7740_0 .var "zero", 0 0;
S_0xdd13b0 .scope module, "CPU" "cpu" 2 10, 3 16, S_0xdc6360;
 .timescale -9 -10;
v0xdf5740_0 .alias "address", 7 0, v0xdf6920_0;
RS_0x7f321e171108 .resolv tri, v0xdf1700_0, v0xdf6a30_0, C4<zz>, C4<zz>;
v0xdf57c0_0 .net8 "addrsel", 1 0, RS_0x7f321e171108; 2 drivers
RS_0x7f321e171888 .resolv tri, v0xdf39d0_0, v0xdf6ab0_0, C4<zz>, C4<zz>;
v0xdf58d0_0 .net8 "aluop", 1 0, RS_0x7f321e171888; 2 drivers
v0xdf5950_0 .alias "aluout", 7 0, v0xdf6b30_0;
v0xdf59d0_0 .net "clk", 0 0, v0xdf6c40_0; 1 drivers
v0xdf5a50_0 .alias "datain", 7 0, v0xdf4c10_0;
v0xdf5b10_0 .alias "dbus", 7 0, v0xdf6e60_0;
RS_0x7f321e171348 .resolv tri, v0xdf3ad0_0, v0xdf6ee0_0, C4<zz>, C4<zz>;
v0xdf0660_0 .net8 "dregsel", 1 0, RS_0x7f321e171348; 2 drivers
v0xdf5cf0_0 .alias "dval", 7 0, v0xdf6f60_0;
RS_0x7f321e171558 .resolv tri, v0xdf1b10_0, v0xdf6fe0_0, C4<z>, C4<z>;
v0xdf5d70_0 .net8 "dwrite", 0 0, RS_0x7f321e171558; 2 drivers
RS_0x7f321e171b58 .resolv tri, v0xdf3290_0, v0xdf7060_0, C4<z>, C4<z>;
v0xdf5ee0_0 .net8 "imload", 0 0, RS_0x7f321e171b58; 2 drivers
v0xdf5f60_0 .alias "imm", 7 0, v0xdf70e0_0;
RS_0x7f321e171b88 .resolv tri, v0xdf3500_0, v0xdf7160_0, C4<z>, C4<z>;
v0xdf60e0_0 .net8 "irload", 0 0, RS_0x7f321e171b88; 2 drivers
v0xdf6160_0 .alias "irvalue", 7 0, v0xdf71e0_0;
RS_0x7f321e171648 .resolv tri, v0xdef550_0, v0xdf72e0_0, C4<z>, C4<z>;
v0xdf6260_0 .net8 "negative", 0 0, RS_0x7f321e171648; 2 drivers
v0xdf62e0_0 .alias "pcin", 7 0, v0xdf7360_0;
RS_0x7f321e171228 .resolv tri, v0xdf2d00_0, v0xdf7260_0, C4<z>, C4<z>;
v0xdf61e0_0 .net8 "pcload", 0 0, RS_0x7f321e171228; 2 drivers
RS_0x7f321e171198 .resolv tri, v0xdf30a0_0, v0xdf7520_0, C4<z>, C4<z>;
v0xdf6480_0 .net8 "pcsel", 0 0, RS_0x7f321e171198; 2 drivers
RS_0x7f321e171a98 .resolv tri, v0xdf2640_0, v0xdf7640_0, C4<z>, C4<z>;
v0xdf65a0_0 .net8 "readwrite", 0 0, RS_0x7f321e171a98; 2 drivers
RS_0x7f321e1719a8 .resolv tri, v0xdf2160_0, v0xdf76c0_0, C4<zz>, C4<zz>;
v0xdf6620_0 .net8 "regsel", 1 0, RS_0x7f321e1719a8; 2 drivers
v0xdf6500_0 .alias "sbus", 7 0, v0xdf75a0_0;
RS_0x7f321e171318 .resolv tri, v0xdf4850_0, v0xdf77f0_0, C4<zz>, C4<zz>;
v0xdf0770_0 .net8 "sregsel", 1 0, RS_0x7f321e171318; 2 drivers
RS_0x7f321e1716a8 .resolv tri, v0xdefad0_0, v0xdf7740_0, C4<z>, C4<z>;
v0xdf66a0_0 .net8 "zero", 0 0, RS_0x7f321e1716a8; 2 drivers
S_0xdf51d0 .scope module, "RAM" "ram" 3 24, 4 1, S_0xdd13b0;
 .timescale -9 -10;
v0xdf52c0_0 .alias "addr", 7 0, v0xdf6920_0;
v0xdf5390_0 .alias "clk", 0 0, v0xdf59d0_0;
v0xdf5410_0 .alias "data", 7 0, v0xdf6b30_0;
v0xdf54e0_0 .var "q", 7 0;
v0xdf55b0 .array "ram", 0 255, 7 0;
v0xdf5630_0 .alias "we", 0 0, v0xdf65a0_0;
S_0xdf4e20 .scope module, "InstrREG" "register8" 3 26, 5 1, S_0xdd13b0;
 .timescale -9 -10;
L_0xdf5df0 .functor AND 1, v0xdf6c40_0, RS_0x7f321e171b88, C4<1>, C4<1>;
v0xdf4f10_0 .net *"_s1", 0 0, L_0xdf5df0; 1 drivers
v0xdf4fd0_0 .alias "clk", 0 0, v0xdf59d0_0;
v0xdf5050_0 .alias "data_in", 7 0, v0xdf4c10_0;
v0xdf50d0_0 .var "data_out", 7 0;
v0xdf5150_0 .alias "enable", 0 0, v0xdf60e0_0;
E_0xdf3b50 .event posedge, L_0xdf5df0;
S_0xdf4a20 .scope module, "ImmREG" "register8" 3 27, 5 1, S_0xdd13b0;
 .timescale -9 -10;
L_0xdf79c0 .functor AND 1, v0xdf6c40_0, RS_0x7f321e171b58, C4<1>, C4<1>;
v0xdf4b10_0 .net *"_s1", 0 0, L_0xdf79c0; 1 drivers
v0xdf4b90_0 .alias "clk", 0 0, v0xdf59d0_0;
v0xdf4ca0_0 .alias "data_in", 7 0, v0xdf4c10_0;
v0xdf4d20_0 .var "data_out", 7 0;
v0xdf4da0_0 .alias "enable", 0 0, v0xdf5ee0_0;
E_0xdec510 .event posedge, L_0xdf79c0;
S_0xdf14a0 .scope module, "CTRL" "control" 3 28, 3 61, S_0xdd13b0;
 .timescale -9 -10;
v0xdf2ea0_0 .alias "addrsel", 1 0, v0xdf57c0_0;
v0xdf39d0_0 .var "aluop", 1 0;
v0xdf3a50_0 .alias "clk", 0 0, v0xdf59d0_0;
v0xdf3ad0_0 .var "dregsel", 1 0;
v0xdf3c10_0 .alias "dwrite", 0 0, v0xdf5d70_0;
v0xdf3c90_0 .alias "imload", 0 0, v0xdf5ee0_0;
v0xdf3d10_0 .var "irbit4", 0 0;
v0xdf3d90_0 .var "irbit5", 0 0;
v0xdf3eb0_0 .var "irbit6", 0 0;
v0xdf3f80_0 .var "irbit7", 0 0;
v0xdf4060_0 .alias "irload", 0 0, v0xdf60e0_0;
v0xdf40e0_0 .alias "irvalue", 7 0, v0xdf71e0_0;
v0xdf4160_0 .alias "negative", 0 0, v0xdf6260_0;
v0xdf4230_0 .var "op1", 1 0;
v0xdf4330_0 .var "op1op2", 3 0;
v0xdf43b0_0 .var "op2", 1 0;
v0xdf42b0_0 .alias "pcload", 0 0, v0xdf61e0_0;
v0xdf44c0_0 .alias "pcsel", 0 0, v0xdf6480_0;
v0xdf4430_0 .net "phase", 1 0, v0xdf3820_0; 1 drivers
v0xdf45e0_0 .var "rd", 1 0;
v0xdf4540_0 .alias "readwrite", 0 0, v0xdf65a0_0;
v0xdf4710_0 .alias "regsel", 1 0, v0xdf6620_0;
v0xdf4660_0 .var "rs", 1 0;
v0xdf4850_0 .var "sregsel", 1 0;
v0xdf49a0_0 .alias "zero", 0 0, v0xdf66a0_0;
E_0xdf0ce0 .event edge, v0xdf2c80_0, v0xdf4660_0, v0xdf45e0_0;
E_0xdf11d0 .event edge, v0xdf40e0_0;
S_0xdf3620 .scope module, "PHASE" "phaseCounter" 3 104, 3 116, S_0xdf14a0;
 .timescale -9 -10;
v0xdf3780_0 .alias "clk", 0 0, v0xdf59d0_0;
v0xdf3820_0 .var "phase", 1 0;
E_0xdf3710 .event posedge, v0xdec3f0_0;
S_0xdf3410 .scope module, "IR" "irLoad" 3 105, 3 128, S_0xdf14a0;
 .timescale -9 -10;
v0xdf3500_0 .var "irload", 0 0;
v0xdf35a0_0 .alias "phase", 1 0, v0xdf4430_0;
S_0xdf31a0 .scope module, "IM" "imLoad" 3 106, 3 138, S_0xdf14a0;
 .timescale -9 -10;
v0xdf3290_0 .var "imload", 0 0;
v0xdf3310_0 .net "irbit7", 0 0, v0xdf3f80_0; 1 drivers
v0xdf3390_0 .alias "phase", 1 0, v0xdf4430_0;
S_0xdf2fb0 .scope module, "PC" "pcSelect" 3 107, 3 148, S_0xdf14a0;
 .timescale -9 -10;
v0xdf30a0_0 .var "pcsel", 0 0;
v0xdf3120_0 .alias "phase", 1 0, v0xdf4430_0;
S_0xdf26e0 .scope module, "PCLOAD" "pcLoad" 3 108, 3 158, S_0xdf14a0;
 .timescale -9 -10;
v0xdf2860_0 .net "irbit4", 0 0, v0xdf3d10_0; 1 drivers
v0xdf2930_0 .net "irbit5", 0 0, v0xdf3d90_0; 1 drivers
v0xdf29e0_0 .net "irbit6", 0 0, v0xdf3eb0_0; 1 drivers
v0xdf2a90_0 .alias "irbit7", 0 0, v0xdf3310_0;
v0xdf2b40_0 .var "mux1out", 0 0;
v0xdf2bc0_0 .alias "negative", 0 0, v0xdf6260_0;
v0xdf2c80_0 .net "op2", 1 0, v0xdf43b0_0; 1 drivers
v0xdf2d00_0 .var "pcload", 0 0;
v0xdf2e20_0 .alias "phase", 1 0, v0xdf4430_0;
v0xdf2f30_0 .alias "zero", 0 0, v0xdf66a0_0;
E_0xdf2590 .event edge, v0xdf2b40_0, v0xdf1930_0;
E_0xdf2810 .event edge, v0xdf2c80_0;
S_0xdf21e0 .scope module, "RW" "readWrite" 3 109, 3 183, S_0xdf14a0;
 .timescale -9 -10;
v0xdf2310_0 .alias "irbit4", 0 0, v0xdf2860_0;
v0xdf23d0_0 .alias "irbit5", 0 0, v0xdf2930_0;
v0xdf2470_0 .alias "irbit6", 0 0, v0xdf29e0_0;
v0xdf2510_0 .net "irbit7", 0 0, C4<z>; 0 drivers
v0xdf25c0_0 .alias "phase", 1 0, v0xdf4430_0;
v0xdf2640_0 .var "readwrite", 0 0;
E_0xdeef60 .event edge, v0xdf1930_0;
S_0xdf1e00 .scope module, "REGSEL" "regSel" 3 110, 3 199, S_0xdf14a0;
 .timescale -9 -10;
v0xdf1f20_0 .var "mux1out", 1 0;
v0xdf1fc0_0 .net "op1op2", 3 0, v0xdf4330_0; 1 drivers
v0xdf2090_0 .alias "phase", 1 0, v0xdf4430_0;
v0xdf2160_0 .var "regsel", 1 0;
E_0xdf1ef0 .event edge, v0xdf1f20_0, v0xdf1930_0;
S_0xdf19b0 .scope module, "DR" "destRegWrite" 3 111, 3 222, S_0xdf14a0;
 .timescale -9 -10;
v0xdf1b10_0 .var "dwrite", 0 0;
v0xdf1c00_0 .var "mux1out", 1 0;
v0xdf1ca0_0 .alias "op1op2", 3 0, v0xdf1fc0_0;
v0xdf1d20_0 .alias "phase", 1 0, v0xdf4430_0;
E_0xdf1aa0 .event edge, v0xdf1c00_0, v0xdf1930_0;
S_0xdf15b0 .scope module, "AS" "addressSelect" 3 112, 3 244, S_0xdf14a0;
 .timescale -9 -10;
v0xdf1700_0 .var "addrsel", 1 0;
v0xdf17f0_0 .var "mux1out", 1 0;
v0xdf1890_0 .alias "op1op2", 3 0, v0xdf1fc0_0;
v0xdf1930_0 .alias "phase", 1 0, v0xdf4430_0;
E_0xdf0950 .event edge, v0xdf17f0_0, v0xdf1930_0;
E_0xdf0390 .event edge, v0xdf1890_0;
S_0xdefb50 .scope module, "ALU" "bit_8_ALU" 3 30, 6 57, S_0xdd13b0;
 .timescale -9 -10;
v0xdf0fb0_0 .alias "in_A", 7 0, v0xdf6e60_0;
v0xdf1030_0 .alias "in_B", 7 0, v0xdf75a0_0;
v0xdf10b0_0 .alias "in_operation", 1 0, v0xdf58d0_0;
v0xdf1150_0 .net "mux1", 7 0, v0xdf0310_0; 1 drivers
v0xdf1200_0 .net "out_adder", 7 0, v0xdf08a0_0; 1 drivers
v0xdf1280_0 .net "out_and", 7 0, v0xdf0f00_0; 1 drivers
v0xdf1300_0 .alias "out_c", 7 0, v0xdf6b30_0;
v0xdf1380_0 .net "out_or", 7 0, v0xdf0c60_0; 1 drivers
L_0xdf7ad0 .part RS_0x7f321e171888, 0, 1;
L_0xdf7b70 .part RS_0x7f321e171888, 0, 1;
L_0xdf7ca0 .part RS_0x7f321e171888, 1, 1;
S_0xdf0d10 .scope module, "i1" "bit_8_AND" 6 66, 6 4, S_0xdefb50;
 .timescale -9 -10;
v0xdf0e00_0 .alias "A", 7 0, v0xdf6e60_0;
v0xdf0e80_0 .alias "B", 7 0, v0xdf75a0_0;
v0xdf0f00_0 .var "aANDb", 7 0;
S_0xdf0a00 .scope module, "i2" "bit_8_OR" 6 67, 6 13, S_0xdefb50;
 .timescale -9 -10;
v0xdf0b40_0 .alias "A", 7 0, v0xdf6e60_0;
v0xdf0be0_0 .alias "B", 7 0, v0xdf75a0_0;
v0xdf0c60_0 .var "aORb", 7 0;
E_0xdf0af0 .event edge, v0xdebbd0_0, v0xdebb30_0;
S_0xdf0470 .scope module, "i3" "bit_8_ADDER" 6 68, 6 24, S_0xdefb50;
 .timescale -9 -10;
v0xdf05c0_0 .alias "A", 7 0, v0xdf6e60_0;
v0xdf06f0_0 .alias "B", 7 0, v0xdf75a0_0;
v0xdf0800_0 .var "BB", 0 0;
v0xdf08a0_0 .var "aPlusb", 7 0;
v0xdf0980_0 .net "carry_in", 0 0, L_0xdf7ad0; 1 drivers
E_0xdf0560 .event edge, v0xdf0980_0, v0xdebb30_0, v0xdebbd0_0, v0xdf0800_0;
S_0xdf0050 .scope module, "i4" "mux_2X1" 6 70, 6 41, S_0xdefb50;
 .timescale -9 -10;
v0xdf01b0_0 .alias "I0", 7 0, v0xdf1280_0;
v0xdf0270_0 .alias "I1", 7 0, v0xdf1380_0;
v0xdf0310_0 .var "O", 7 0;
v0xdf03c0_0 .net "sel", 0 0, L_0xdf7b70; 1 drivers
E_0xdf0140 .event edge, v0xdf03c0_0, v0xdf01b0_0, v0xdf0270_0;
S_0xdefc40 .scope module, "i5" "mux_2X1" 6 71, 6 41, S_0xdefb50;
 .timescale -9 -10;
v0xdefda0_0 .alias "I0", 7 0, v0xdf1150_0;
v0xdefe60_0 .alias "I1", 7 0, v0xdf1200_0;
v0xdeff00_0 .var "O", 7 0;
v0xdeffa0_0 .net "sel", 0 0, L_0xdf7ca0; 1 drivers
E_0xdefd30 .event edge, v0xdeffa0_0, v0xdefda0_0, v0xdefe60_0;
S_0xdecef0 .scope module, "RF" "registerFile" 3 31, 7 77, S_0xdd13b0;
 .timescale -9 -10;
v0xdef0f0_0 .net "clk", 0 0, C4<z>; 0 drivers
v0xdef200_0 .alias "dbus", 7 0, v0xdf6e60_0;
v0xdef280_0 .alias "dresel", 1 0, v0xdf0660_0;
v0xdef300_0 .alias "drs", 1 0, v0xdf0660_0;
v0xdef380_0 .alias "dval", 7 0, v0xdf6f60_0;
v0xdef490_0 .alias "dwrite", 0 0, v0xdf5d70_0;
v0xdef550_0 .var "negative", 0 0;
v0xdef5d0_0 .net "res0", 7 0, v0xdeea60_0; 1 drivers
v0xdef650_0 .net "res1", 7 0, v0xdee620_0; 1 drivers
v0xdef6d0_0 .net "res2", 7 0, v0xdee150_0; 1 drivers
v0xdef7b0_0 .net "res3", 7 0, v0xdedcb0_0; 1 drivers
RS_0x7f321e171678 .resolv tri, L_0xdf7d40, L_0xdf7de0, L_0xdf7e80, L_0xdf7f20;
v0xdef830_0 .net8 "res_enable", 3 0, RS_0x7f321e171678; 4 drivers
v0xdef920_0 .alias "sbus", 7 0, v0xdf75a0_0;
v0xdef9a0_0 .alias "sregel", 1 0, v0xdf0770_0;
v0xdefad0_0 .var "zero", 0 0;
E_0xdecfe0 .event posedge, v0xdedb70_0;
L_0xdf7d40 .part/pv v0xdeeda0_0, 0, 1, 4;
L_0xdf7de0 .part/pv v0xdeee40_0, 1, 1, 4;
L_0xdf7e80 .part/pv v0xdeeee0_0, 2, 1, 4;
L_0xdf7f20 .part/pv v0xdeef90_0, 3, 1, 4;
L_0xdf8170 .part RS_0x7f321e171678, 0, 1;
L_0xdf82a0 .part RS_0x7f321e171678, 1, 1;
L_0xdf83a0 .part RS_0x7f321e171678, 2, 1;
L_0xdf85b0 .part RS_0x7f321e171678, 3, 1;
S_0xdeebb0 .scope module, "demux1" "demux" 7 91, 7 33, S_0xdecef0;
 .timescale -9 -10;
v0xdeece0_0 .alias "I0", 0 0, v0xdf5d70_0;
v0xdeeda0_0 .var "o0", 0 0;
v0xdeee40_0 .var "o1", 0 0;
v0xdeeee0_0 .var "o2", 0 0;
v0xdeef90_0 .var "o3", 0 0;
v0xdef030_0 .alias "sel", 1 0, v0xdf0660_0;
E_0xded600 .event edge, v0xded940_0, v0xdeece0_0;
S_0xdee770 .scope module, "r0" "register8" 7 92, 5 1, S_0xdecef0;
 .timescale -9 -10;
L_0xdf80b0 .functor AND 1, C4<z>, L_0xdf8170, C4<1>, C4<1>;
v0xdee8a0_0 .net *"_s1", 0 0, L_0xdf80b0; 1 drivers
v0xdee960_0 .alias "clk", 0 0, v0xdef0f0_0;
v0xdee9e0_0 .alias "data_in", 7 0, v0xdf6f60_0;
v0xdeea60_0 .var "data_out", 7 0;
v0xdeeb30_0 .net "enable", 0 0, L_0xdf8170; 1 drivers
E_0xded6b0 .event posedge, L_0xdf80b0;
S_0xdee2d0 .scope module, "r1" "register8" 7 93, 5 1, S_0xdecef0;
 .timescale -9 -10;
L_0xdf8210 .functor AND 1, C4<z>, L_0xdf82a0, C4<1>, C4<1>;
v0xdee3c0_0 .net *"_s1", 0 0, L_0xdf8210; 1 drivers
v0xdee480_0 .alias "clk", 0 0, v0xdef0f0_0;
v0xdee550_0 .alias "data_in", 7 0, v0xdf6f60_0;
v0xdee620_0 .var "data_out", 7 0;
v0xdee6f0_0 .net "enable", 0 0, L_0xdf82a0; 1 drivers
E_0xded760 .event posedge, L_0xdf8210;
S_0xdede00 .scope module, "r2" "register8" 7 94, 5 1, S_0xdecef0;
 .timescale -9 -10;
L_0xdf8340 .functor AND 1, C4<z>, L_0xdf83a0, C4<1>, C4<1>;
v0xdedf30_0 .net *"_s1", 0 0, L_0xdf8340; 1 drivers
v0xdedff0_0 .alias "clk", 0 0, v0xdef0f0_0;
v0xdee0a0_0 .alias "data_in", 7 0, v0xdf6f60_0;
v0xdee150_0 .var "data_out", 7 0;
v0xdee250_0 .net "enable", 0 0, L_0xdf83a0; 1 drivers
E_0xded840 .event posedge, L_0xdf8340;
S_0xdeda00 .scope module, "r3" "register8" 7 95, 5 1, S_0xdecef0;
 .timescale -9 -10;
L_0xdf8440 .functor AND 1, C4<z>, L_0xdf85b0, C4<1>, C4<1>;
v0xdedaf0_0 .net *"_s1", 0 0, L_0xdf8440; 1 drivers
v0xdedb70_0 .alias "clk", 0 0, v0xdef0f0_0;
v0xdedc10_0 .alias "data_in", 7 0, v0xdf6f60_0;
v0xdedcb0_0 .var "data_out", 7 0;
v0xdedd80_0 .net "enable", 0 0, L_0xdf85b0; 1 drivers
E_0xded810 .event posedge, L_0xdf8440;
S_0xded490 .scope module, "mux1" "mux" 7 97, 7 15, S_0xdecef0;
 .timescale -9 -10;
v0xded580_0 .alias "I0", 7 0, v0xdef5d0_0;
v0xded630_0 .alias "I1", 7 0, v0xdef650_0;
v0xded6e0_0 .alias "I2", 7 0, v0xdef6d0_0;
v0xded790_0 .alias "I3", 7 0, v0xdef7b0_0;
v0xded870_0 .var "out", 7 0;
v0xded940_0 .alias "sel", 1 0, v0xdf0660_0;
E_0xded360/0 .event edge, v0xded940_0, v0xded160_0, v0xded1e0_0, v0xded260_0;
E_0xded360/1 .event edge, v0xded2e0_0;
E_0xded360 .event/or E_0xded360/0, E_0xded360/1;
S_0xded010 .scope module, "mux2" "mux" 7 98, 7 15, S_0xdecef0;
 .timescale -9 -10;
v0xded160_0 .alias "I0", 7 0, v0xdef5d0_0;
v0xded1e0_0 .alias "I1", 7 0, v0xdef650_0;
v0xded260_0 .alias "I2", 7 0, v0xdef6d0_0;
v0xded2e0_0 .alias "I3", 7 0, v0xdef7b0_0;
v0xded390_0 .var "out", 7 0;
v0xded410_0 .alias "sel", 1 0, v0xdf0770_0;
E_0xded100/0 .event edge, v0xded410_0, v0xded160_0, v0xded1e0_0, v0xded260_0;
E_0xded100/1 .event edge, v0xded2e0_0;
E_0xded100 .event/or E_0xded100/0, E_0xded100/1;
S_0xdd11a0 .scope module, "PC" "pcBlock" 3 32, 3 36, S_0xdd13b0;
 .timescale -9 -10;
v0xdec6a0_0 .alias "address", 7 0, v0xdf6920_0;
v0xdec750_0 .alias "addrsel", 1 0, v0xdf57c0_0;
v0xdec800_0 .alias "clk", 0 0, v0xdf59d0_0;
v0xdec8b0_0 .alias "dbus", 7 0, v0xdf6e60_0;
v0xdec990_0 .alias "imm", 7 0, v0xdf70e0_0;
v0xdeca60_0 .var "pcadd", 7 0;
v0xdecb20_0 .alias "pcin", 7 0, v0xdf7360_0;
v0xdecbf0_0 .alias "pcload", 0 0, v0xdf61e0_0;
v0xdeccc0_0 .net "pcout", 7 0, v0xdec540_0; 1 drivers
v0xdecd90_0 .alias "pcsel", 0 0, v0xdf6480_0;
v0xdece70_0 .alias "sbus", 7 0, v0xdf75a0_0;
E_0xdbc350 .event edge, v0xdb4b20_0;
S_0xdec1d0 .scope module, "PCREG" "register8" 3 50, 5 1, S_0xdd11a0;
 .timescale -9 -10;
L_0xdef1a0 .functor AND 1, v0xdf6c40_0, RS_0x7f321e171228, C4<1>, C4<1>;
v0xdec330_0 .net *"_s1", 0 0, L_0xdef1a0; 1 drivers
v0xdec3f0_0 .alias "clk", 0 0, v0xdf59d0_0;
v0xdec490_0 .alias "data_in", 7 0, v0xdf7360_0;
v0xdec540_0 .var "data_out", 7 0;
v0xdec620_0 .alias "enable", 0 0, v0xdf61e0_0;
E_0xdec2c0 .event posedge, L_0xdef1a0;
S_0xdebe00 .scope module, "pcInMux" "mux_2X1" 3 53, 6 41, S_0xdd11a0;
 .timescale -9 -10;
v0xdebf30_0 .alias "I0", 7 0, v0xdf70e0_0;
v0xdec000_0 .net "I1", 7 0, v0xdeca60_0; 1 drivers
v0xdec080_0 .var "O", 7 0;
v0xdec120_0 .alias "sel", 0 0, v0xdf6480_0;
E_0xdebc50 .event edge, v0xdec120_0, v0xdeba90_0, v0xdec000_0;
S_0xd757c0 .scope module, "addressMux" "mux_4x1" 3 54, 8 1, S_0xdd11a0;
 .timescale -9 -10;
v0xdb4b20_0 .alias "I0", 7 0, v0xdeccc0_0;
v0xdeba90_0 .alias "I1", 7 0, v0xdf70e0_0;
v0xdebb30_0 .alias "I2", 7 0, v0xdf75a0_0;
v0xdebbd0_0 .alias "I3", 7 0, v0xdf6e60_0;
v0xdebc80_0 .var "out", 7 0;
v0xdebd20_0 .alias "sel", 1 0, v0xdf57c0_0;
E_0xdd17f0/0 .event edge, v0xdebd20_0, v0xdb4b20_0, v0xdeba90_0, v0xdebb30_0;
E_0xdd17f0/1 .event edge, v0xdebbd0_0;
E_0xdd17f0 .event/or E_0xdd17f0/0, E_0xdd17f0/1;
    .scope S_0xdf51d0;
T_0 ;
    %movi 8, 192, 8;
   %ix/load 1, 0, 0;
   %ix/load 3, 0, 0;
   %set/av v0xdf55b0, 8, 8;
    %movi 8, 4, 8;
   %ix/load 1, 0, 0;
   %ix/load 3, 1, 0;
   %set/av v0xdf55b0, 8, 8;
    %movi 8, 196, 8;
   %ix/load 1, 0, 0;
   %ix/load 3, 2, 0;
   %set/av v0xdf55b0, 8, 8;
    %movi 8, 2, 8;
   %ix/load 1, 0, 0;
   %ix/load 3, 3, 0;
   %set/av v0xdf55b0, 8, 8;
    %movi 8, 36, 8;
   %ix/load 1, 0, 0;
   %ix/load 3, 4, 0;
   %set/av v0xdf55b0, 8, 8;
   %ix/load 1, 0, 0;
   %ix/load 3, 5, 0;
   %set/av v0xdf55b0, 0, 8;
    %end;
    .thread T_0;
    .scope S_0xdf51d0;
T_1 ;
    %ix/load 3, 0, 0;
    %mov 4, 0, 1;
    %load/av 8, v0xdf55b0, 8;
    %ix/load 0, 8, 0;
    %assign/v0 v0xdf54e0_0, 0, 8;
    %end;
    .thread T_1;
    .scope S_0xdf51d0;
T_2 ;
    %wait E_0xdf3710;
    %load/v 8, v0xdf5630_0, 1;
    %jmp/0xz  T_2.0, 8;
    %load/v 8, v0xdf5410_0, 8;
    %ix/getv 3, v0xdf52c0_0;
    %jmp/1 t_0, 4;
    %ix/load 0, 8, 0; word width
    %ix/load 1, 0, 0; part off
    %assign/av v0xdf55b0, 0, 8;
t_0 ;
T_2.0 ;
    %ix/getv 3, v0xdf52c0_0;
    %load/av 8, v0xdf55b0, 8;
    %ix/load 0, 8, 0;
    %assign/v0 v0xdf54e0_0, 0, 8;
    %jmp T_2;
    .thread T_2;
    .scope S_0xdf4e20;
T_3 ;
    %wait E_0xdf3b50;
    %load/v 8, v0xdf5050_0, 8;
    %ix/load 0, 8, 0;
    %assign/v0 v0xdf50d0_0, 0, 8;
    %jmp T_3;
    .thread T_3;
    .scope S_0xdf4a20;
T_4 ;
    %wait E_0xdec510;
    %load/v 8, v0xdf4ca0_0, 8;
    %ix/load 0, 8, 0;
    %assign/v0 v0xdf4d20_0, 0, 8;
    %jmp T_4;
    .thread T_4;
    .scope S_0xdf3620;
T_5 ;
    %set/v v0xdf3820_0, 0, 2;
    %end;
    .thread T_5;
    .scope S_0xdf3620;
T_6 ;
    %wait E_0xdf3710;
    %load/v 8, v0xdf3820_0, 2;
    %cmpi/u 8, 2, 2;
    %jmp/0xz  T_6.0, 4;
    %ix/load 0, 2, 0;
    %assign/v0 v0xdf3820_0, 0, 0;
    %jmp T_6.1;
T_6.0 ;
    %load/v 8, v0xdf3820_0, 2;
    %mov 10, 0, 30;
    %addi 8, 1, 32;
    %ix/load 0, 2, 0;
    %assign/v0 v0xdf3820_0, 0, 8;
T_6.1 ;
    %jmp T_6;
    .thread T_6;
    .scope S_0xdf3410;
T_7 ;
    %wait E_0xdeef60;
    %load/v 8, v0xdf35a0_0, 2;
    %cmpi/u 8, 0, 2;
    %jmp/0xz  T_7.0, 4;
    %ix/load 0, 1, 0;
    %assign/v0 v0xdf3500_0, 0, 1;
    %jmp T_7.1;
T_7.0 ;
    %ix/load 0, 1, 0;
    %assign/v0 v0xdf3500_0, 0, 0;
T_7.1 ;
    %jmp T_7;
    .thread T_7, $push;
    .scope S_0xdf31a0;
T_8 ;
    %wait E_0xdeef60;
    %load/v 8, v0xdf3390_0, 2;
    %cmpi/u 8, 1, 2;
    %jmp/0xz  T_8.0, 4;
    %load/v 8, v0xdf3310_0, 1;
    %ix/load 0, 1, 0;
    %assign/v0 v0xdf3290_0, 0, 8;
    %jmp T_8.1;
T_8.0 ;
    %ix/load 0, 1, 0;
    %assign/v0 v0xdf3290_0, 0, 0;
T_8.1 ;
    %jmp T_8;
    .thread T_8, $push;
    .scope S_0xdf2fb0;
T_9 ;
    %wait E_0xdeef60;
    %ix/load 1, 1, 0;
    %mov 4, 0, 1;
    %jmp/1 T_9.0, 4;
    %load/x1p 10, v0xdf3120_0, 1;
    %jmp T_9.1;
T_9.0 ;
    %mov 10, 2, 1;
T_9.1 ;
    %mov 8, 10, 1; Move signal select into place
    %mov 9, 0, 1;
    %cmpi/u 8, 0, 2;
    %jmp/0xz  T_9.2, 4;
    %ix/load 0, 1, 0;
    %assign/v0 v0xdf30a0_0, 0, 1;
    %jmp T_9.3;
T_9.2 ;
    %ix/load 0, 1, 0;
    %assign/v0 v0xdf30a0_0, 0, 0;
T_9.3 ;
    %jmp T_9;
    .thread T_9, $push;
    .scope S_0xdf26e0;
T_10 ;
    %wait E_0xdf2810;
    %load/v 8, v0xdf2c80_0, 2;
    %cmpi/u 8, 0, 2;
    %jmp/1 T_10.0, 6;
    %cmpi/u 8, 1, 2;
    %jmp/1 T_10.1, 6;
    %cmpi/u 8, 2, 2;
    %jmp/1 T_10.2, 6;
    %cmpi/u 8, 3, 2;
    %jmp/1 T_10.3, 6;
    %jmp T_10.4;
T_10.0 ;
    %load/v 8, v0xdf2f30_0, 1;
    %ix/load 0, 1, 0;
    %assign/v0 v0xdf2b40_0, 0, 8;
    %jmp T_10.4;
T_10.1 ;
    %load/v 8, v0xdf2f30_0, 1;
    %inv 8, 1;
    %ix/load 0, 1, 0;
    %assign/v0 v0xdf2b40_0, 0, 8;
    %jmp T_10.4;
T_10.2 ;
    %load/v 8, v0xdf2f30_0, 1;
    %inv 8, 1;
    %load/v 9, v0xdf2bc0_0, 1;
    %inv 9, 1;
    %and 8, 9, 1;
    %ix/load 0, 1, 0;
    %assign/v0 v0xdf2b40_0, 0, 8;
    %jmp T_10.4;
T_10.3 ;
    %load/v 8, v0xdf2bc0_0, 1;
    %ix/load 0, 1, 0;
    %assign/v0 v0xdf2b40_0, 0, 8;
    %jmp T_10.4;
T_10.4 ;
    %jmp T_10;
    .thread T_10, $push;
    .scope S_0xdf26e0;
T_11 ;
    %wait E_0xdf2590;
    %load/v 8, v0xdf2e20_0, 2;
    %cmpi/u 8, 0, 2;
    %jmp/1 T_11.0, 6;
    %cmpi/u 8, 1, 2;
    %jmp/1 T_11.1, 6;
    %cmpi/u 8, 2, 2;
    %jmp/1 T_11.2, 6;
    %cmpi/u 8, 3, 2;
    %jmp/1 T_11.3, 6;
    %jmp T_11.4;
T_11.0 ;
    %ix/load 0, 1, 0;
    %assign/v0 v0xdf2d00_0, 0, 1;
    %jmp T_11.4;
T_11.1 ;
    %load/v 8, v0xdf2a90_0, 1;
    %ix/load 0, 1, 0;
    %assign/v0 v0xdf2d00_0, 0, 8;
    %jmp T_11.4;
T_11.2 ;
    %load/v 8, v0xdf2b40_0, 1;
    %load/v 9, v0xdf2a90_0, 1;
    %and 8, 9, 1;
    %load/v 9, v0xdf29e0_0, 1;
    %inv 9, 1;
    %and 8, 9, 1;
    %load/v 9, v0xdf2860_0, 1;
    %load/v 10, v0xdf2930_0, 1;
    %and 9, 10, 1;
    %load/v 10, v0xdf29e0_0, 1;
    %and 9, 10, 1;
    %load/v 10, v0xdf2a90_0, 1;
    %and 9, 10, 1;
    %or 8, 9, 1;
    %ix/load 0, 1, 0;
    %assign/v0 v0xdf2d00_0, 0, 8;
    %jmp T_11.4;
T_11.3 ;
    %ix/load 0, 1, 0;
    %assign/v0 v0xdf2d00_0, 0, 0;
    %jmp T_11.4;
T_11.4 ;
    %jmp T_11;
    .thread T_11, $push;
    .scope S_0xdf21e0;
T_12 ;
    %wait E_0xdeef60;
    %load/v 8, v0xdf25c0_0, 2;
    %cmpi/u 8, 0, 2;
    %jmp/1 T_12.0, 6;
    %cmpi/u 8, 1, 2;
    %jmp/1 T_12.1, 6;
    %cmpi/u 8, 2, 2;
    %jmp/1 T_12.2, 6;
    %cmpi/u 8, 3, 2;
    %jmp/1 T_12.3, 6;
    %jmp T_12.4;
T_12.0 ;
    %ix/load 0, 1, 0;
    %assign/v0 v0xdf2640_0, 0, 0;
    %jmp T_12.4;
T_12.1 ;
    %ix/load 0, 1, 0;
    %assign/v0 v0xdf2640_0, 0, 0;
    %jmp T_12.4;
T_12.2 ;
    %load/v 8, v0xdf2310_0, 1;
    %load/v 9, v0xdf23d0_0, 1;
    %inv 9, 1;
    %and 8, 9, 1;
    %load/v 9, v0xdf2470_0, 1;
    %and 8, 9, 1;
    %ix/load 0, 1, 0;
    %assign/v0 v0xdf2640_0, 0, 8;
    %jmp T_12.4;
T_12.3 ;
    %ix/load 0, 1, 0;
    %assign/v0 v0xdf2640_0, 0, 0;
    %jmp T_12.4;
T_12.4 ;
    %jmp T_12;
    .thread T_12, $push;
    .scope S_0xdf1e00;
T_13 ;
    %wait E_0xdf0390;
    %load/v 8, v0xdf1fc0_0, 4;
    %cmpi/u 8, 0, 4;
    %jmp/1 T_13.0, 6;
    %cmpi/u 8, 1, 4;
    %jmp/1 T_13.1, 6;
    %cmpi/u 8, 2, 4;
    %jmp/1 T_13.2, 6;
    %cmpi/u 8, 3, 4;
    %jmp/1 T_13.3, 6;
    %cmpi/u 8, 4, 4;
    %jmp/1 T_13.4, 6;
    %cmpi/u 8, 6, 4;
    %jmp/1 T_13.5, 6;
    %cmpi/u 8, 6, 4;
    %jmp/1 T_13.6, 6;
    %ix/load 0, 2, 0;
    %assign/v0 v0xdf1f20_0, 0, 0;
    %jmp T_13.8;
T_13.0 ;
    %ix/load 0, 2, 0;
    %assign/v0 v0xdf1f20_0, 0, 1;
    %jmp T_13.8;
T_13.1 ;
    %ix/load 0, 2, 0;
    %assign/v0 v0xdf1f20_0, 0, 1;
    %jmp T_13.8;
T_13.2 ;
    %ix/load 0, 2, 0;
    %assign/v0 v0xdf1f20_0, 0, 1;
    %jmp T_13.8;
T_13.3 ;
    %ix/load 0, 2, 0;
    %assign/v0 v0xdf1f20_0, 0, 1;
    %jmp T_13.8;
T_13.4 ;
    %movi 8, 2, 2;
    %ix/load 0, 2, 0;
    %assign/v0 v0xdf1f20_0, 0, 8;
    %jmp T_13.8;
T_13.5 ;
    %movi 8, 2, 2;
    %ix/load 0, 2, 0;
    %assign/v0 v0xdf1f20_0, 0, 8;
    %jmp T_13.8;
T_13.6 ;
    %movi 8, 1, 2;
    %ix/load 0, 2, 0;
    %assign/v0 v0xdf1f20_0, 0, 8;
    %jmp T_13.8;
T_13.8 ;
    %jmp T_13;
    .thread T_13, $push;
    .scope S_0xdf1e00;
T_14 ;
    %wait E_0xdf1ef0;
    %load/v 8, v0xdf2090_0, 2;
    %cmpi/u 8, 2, 2;
    %jmp/1 T_14.0, 6;
    %ix/load 0, 2, 0;
    %assign/v0 v0xdf2160_0, 0, 0;
    %jmp T_14.2;
T_14.0 ;
    %load/v 8, v0xdf1f20_0, 2;
    %ix/load 0, 2, 0;
    %assign/v0 v0xdf2160_0, 0, 8;
    %jmp T_14.2;
T_14.2 ;
    %jmp T_14;
    .thread T_14, $push;
    .scope S_0xdf19b0;
T_15 ;
    %wait E_0xdf0390;
    %load/v 8, v0xdf1ca0_0, 4;
    %cmpi/u 8, 0, 4;
    %jmp/1 T_15.0, 6;
    %cmpi/u 8, 1, 4;
    %jmp/1 T_15.1, 6;
    %cmpi/u 8, 2, 4;
    %jmp/1 T_15.2, 6;
    %cmpi/u 8, 3, 4;
    %jmp/1 T_15.3, 6;
    %cmpi/u 8, 4, 4;
    %jmp/1 T_15.4, 6;
    %cmpi/u 8, 6, 4;
    %jmp/1 T_15.5, 6;
    %cmpi/u 8, 12, 4;
    %jmp/1 T_15.6, 6;
    %cmpi/u 8, 14, 4;
    %jmp/1 T_15.7, 6;
    %ix/load 0, 2, 0;
    %assign/v0 v0xdf1c00_0, 0, 0;
    %jmp T_15.9;
T_15.0 ;
    %ix/load 0, 2, 0;
    %assign/v0 v0xdf1c00_0, 0, 1;
    %jmp T_15.9;
T_15.1 ;
    %ix/load 0, 2, 0;
    %assign/v0 v0xdf1c00_0, 0, 1;
    %jmp T_15.9;
T_15.2 ;
    %ix/load 0, 2, 0;
    %assign/v0 v0xdf1c00_0, 0, 1;
    %jmp T_15.9;
T_15.3 ;
    %ix/load 0, 2, 0;
    %assign/v0 v0xdf1c00_0, 0, 1;
    %jmp T_15.9;
T_15.4 ;
    %ix/load 0, 2, 0;
    %assign/v0 v0xdf1c00_0, 0, 1;
    %jmp T_15.9;
T_15.5 ;
    %ix/load 0, 2, 0;
    %assign/v0 v0xdf1c00_0, 0, 1;
    %jmp T_15.9;
T_15.6 ;
    %ix/load 0, 2, 0;
    %assign/v0 v0xdf1c00_0, 0, 1;
    %jmp T_15.9;
T_15.7 ;
    %ix/load 0, 2, 0;
    %assign/v0 v0xdf1c00_0, 0, 1;
    %jmp T_15.9;
T_15.9 ;
    %jmp T_15;
    .thread T_15, $push;
    .scope S_0xdf19b0;
T_16 ;
    %wait E_0xdf1aa0;
    %load/v 8, v0xdf1d20_0, 2;
    %cmpi/u 8, 2, 2;
    %jmp/1 T_16.0, 6;
    %ix/load 0, 1, 0;
    %assign/v0 v0xdf1b10_0, 0, 0;
    %jmp T_16.2;
T_16.0 ;
    %load/v 8, v0xdf1c00_0, 2;
    %ix/load 0, 1, 0;
    %assign/v0 v0xdf1b10_0, 0, 8;
    %jmp T_16.2;
T_16.2 ;
    %jmp T_16;
    .thread T_16, $push;
    .scope S_0xdf15b0;
T_17 ;
    %wait E_0xdf0390;
    %load/v 8, v0xdf1890_0, 4;
    %cmpi/u 8, 14, 4;
    %jmp/1 T_17.0, 6;
    %cmpi/u 8, 13, 4;
    %jmp/1 T_17.1, 6;
    %cmpi/u 8, 4, 4;
    %jmp/1 T_17.2, 6;
    %cmpi/u 8, 5, 4;
    %jmp/1 T_17.3, 6;
    %ix/load 0, 2, 0;
    %assign/v0 v0xdf17f0_0, 0, 0;
    %jmp T_17.5;
T_17.0 ;
    %movi 8, 1, 2;
    %ix/load 0, 2, 0;
    %assign/v0 v0xdf17f0_0, 0, 8;
    %jmp T_17.5;
T_17.1 ;
    %movi 8, 1, 2;
    %ix/load 0, 2, 0;
    %assign/v0 v0xdf17f0_0, 0, 8;
    %jmp T_17.5;
T_17.2 ;
    %movi 8, 2, 2;
    %ix/load 0, 2, 0;
    %assign/v0 v0xdf17f0_0, 0, 8;
    %jmp T_17.5;
T_17.3 ;
    %movi 8, 2, 2;
    %ix/load 0, 2, 0;
    %assign/v0 v0xdf17f0_0, 0, 8;
    %jmp T_17.5;
T_17.5 ;
    %jmp T_17;
    .thread T_17, $push;
    .scope S_0xdf15b0;
T_18 ;
    %wait E_0xdf0950;
    %load/v 8, v0xdf1930_0, 2;
    %cmpi/u 8, 2, 2;
    %jmp/1 T_18.0, 6;
    %ix/load 0, 2, 0;
    %assign/v0 v0xdf1700_0, 0, 0;
    %jmp T_18.2;
T_18.0 ;
    %load/v 8, v0xdf17f0_0, 2;
    %ix/load 0, 2, 0;
    %assign/v0 v0xdf1700_0, 0, 8;
    %jmp T_18.2;
T_18.2 ;
    %jmp T_18;
    .thread T_18, $push;
    .scope S_0xdf14a0;
T_19 ;
    %wait E_0xdf11d0;
    %ix/load 1, 7, 0;
    %mov 4, 0, 1;
    %jmp/1 T_19.0, 4;
    %load/x1p 8, v0xdf40e0_0, 1;
    %jmp T_19.1;
T_19.0 ;
    %mov 8, 2, 1;
T_19.1 ;
; Save base=8 wid=1 in lookaside.
    %ix/load 0, 1, 0;
    %assign/v0 v0xdf3f80_0, 0, 8;
    %ix/load 1, 6, 0;
    %mov 4, 0, 1;
    %jmp/1 T_19.2, 4;
    %load/x1p 8, v0xdf40e0_0, 1;
    %jmp T_19.3;
T_19.2 ;
    %mov 8, 2, 1;
T_19.3 ;
; Save base=8 wid=1 in lookaside.
    %ix/load 0, 1, 0;
    %assign/v0 v0xdf3eb0_0, 0, 8;
    %ix/load 1, 5, 0;
    %mov 4, 0, 1;
    %jmp/1 T_19.4, 4;
    %load/x1p 8, v0xdf40e0_0, 1;
    %jmp T_19.5;
T_19.4 ;
    %mov 8, 2, 1;
T_19.5 ;
; Save base=8 wid=1 in lookaside.
    %ix/load 0, 1, 0;
    %assign/v0 v0xdf3d90_0, 0, 8;
    %ix/load 1, 4, 0;
    %mov 4, 0, 1;
    %jmp/1 T_19.6, 4;
    %load/x1p 8, v0xdf40e0_0, 1;
    %jmp T_19.7;
T_19.6 ;
    %mov 8, 2, 1;
T_19.7 ;
; Save base=8 wid=1 in lookaside.
    %ix/load 0, 1, 0;
    %assign/v0 v0xdf3d10_0, 0, 8;
    %ix/load 1, 6, 0;
    %mov 4, 0, 1;
    %jmp/1 T_19.8, 4;
    %load/x1p 10, v0xdf40e0_0, 1;
    %jmp T_19.9;
T_19.8 ;
    %mov 10, 2, 1;
T_19.9 ;
    %mov 8, 10, 1; Move signal select into place
    %ix/load 1, 7, 0;
    %mov 4, 0, 1;
    %jmp/1 T_19.10, 4;
    %load/x1p 10, v0xdf40e0_0, 1;
    %jmp T_19.11;
T_19.10 ;
    %mov 10, 2, 1;
T_19.11 ;
    %mov 9, 10, 1; Move signal select into place
    %ix/load 0, 2, 0;
    %assign/v0 v0xdf4230_0, 0, 8;
    %ix/load 1, 4, 0;
    %mov 4, 0, 1;
    %jmp/1 T_19.12, 4;
    %load/x1p 10, v0xdf40e0_0, 1;
    %jmp T_19.13;
T_19.12 ;
    %mov 10, 2, 1;
T_19.13 ;
    %mov 8, 10, 1; Move signal select into place
    %ix/load 1, 5, 0;
    %mov 4, 0, 1;
    %jmp/1 T_19.14, 4;
    %load/x1p 10, v0xdf40e0_0, 1;
    %jmp T_19.15;
T_19.14 ;
    %mov 10, 2, 1;
T_19.15 ;
    %mov 9, 10, 1; Move signal select into place
    %ix/load 0, 2, 0;
    %assign/v0 v0xdf43b0_0, 0, 8;
    %ix/load 1, 2, 0;
    %mov 4, 0, 1;
    %jmp/1 T_19.16, 4;
    %load/x1p 10, v0xdf40e0_0, 1;
    %jmp T_19.17;
T_19.16 ;
    %mov 10, 2, 1;
T_19.17 ;
    %mov 8, 10, 1; Move signal select into place
    %ix/load 1, 3, 0;
    %mov 4, 0, 1;
    %jmp/1 T_19.18, 4;
    %load/x1p 10, v0xdf40e0_0, 1;
    %jmp T_19.19;
T_19.18 ;
    %mov 10, 2, 1;
T_19.19 ;
    %mov 9, 10, 1; Move signal select into place
    %ix/load 0, 2, 0;
    %assign/v0 v0xdf45e0_0, 0, 8;
    %load/v 8, v0xdf40e0_0, 1; Select 1 out of 8 bits
    %ix/load 1, 1, 0;
    %mov 4, 0, 1;
    %jmp/1 T_19.20, 4;
    %load/x1p 10, v0xdf40e0_0, 1;
    %jmp T_19.21;
T_19.20 ;
    %mov 10, 2, 1;
T_19.21 ;
    %mov 9, 10, 1; Move signal select into place
    %ix/load 0, 2, 0;
    %assign/v0 v0xdf4660_0, 0, 8;
    %ix/load 1, 4, 0;
    %mov 4, 0, 1;
    %jmp/1 T_19.22, 4;
    %load/x1p 12, v0xdf40e0_0, 1;
    %jmp T_19.23;
T_19.22 ;
    %mov 12, 2, 1;
T_19.23 ;
    %mov 8, 12, 1; Move signal select into place
    %ix/load 1, 5, 0;
    %mov 4, 0, 1;
    %jmp/1 T_19.24, 4;
    %load/x1p 12, v0xdf40e0_0, 1;
    %jmp T_19.25;
T_19.24 ;
    %mov 12, 2, 1;
T_19.25 ;
    %mov 9, 12, 1; Move signal select into place
    %ix/load 1, 6, 0;
    %mov 4, 0, 1;
    %jmp/1 T_19.26, 4;
    %load/x1p 12, v0xdf40e0_0, 1;
    %jmp T_19.27;
T_19.26 ;
    %mov 12, 2, 1;
T_19.27 ;
    %mov 10, 12, 1; Move signal select into place
    %ix/load 1, 7, 0;
    %mov 4, 0, 1;
    %jmp/1 T_19.28, 4;
    %load/x1p 12, v0xdf40e0_0, 1;
    %jmp T_19.29;
T_19.28 ;
    %mov 12, 2, 1;
T_19.29 ;
    %mov 11, 12, 1; Move signal select into place
    %ix/load 0, 4, 0;
    %assign/v0 v0xdf4330_0, 0, 8;
    %jmp T_19;
    .thread T_19, $push;
    .scope S_0xdf14a0;
T_20 ;
    %wait E_0xdf0ce0;
    %load/v 8, v0xdf45e0_0, 2;
    %ix/load 0, 2, 0;
    %assign/v0 v0xdf3ad0_0, 0, 8;
    %load/v 8, v0xdf4660_0, 2;
    %ix/load 0, 2, 0;
    %assign/v0 v0xdf4850_0, 0, 8;
    %load/v 8, v0xdf43b0_0, 2;
    %ix/load 0, 2, 0;
    %assign/v0 v0xdf39d0_0, 0, 8;
    %jmp T_20;
    .thread T_20, $push;
    .scope S_0xdf0d10;
T_21 ;
    %wait E_0xdf0af0;
    %load/v 8, v0xdf0e00_0, 8;
    %load/v 16, v0xdf0e80_0, 8;
    %and 8, 16, 8;
    %ix/load 0, 8, 0;
    %assign/v0 v0xdf0f00_0, 0, 8;
    %jmp T_21;
    .thread T_21, $push;
    .scope S_0xdf0a00;
T_22 ;
    %wait E_0xdf0af0;
    %load/v 8, v0xdf0b40_0, 8;
    %load/v 16, v0xdf0be0_0, 8;
    %or 8, 16, 8;
    %ix/load 0, 8, 0;
    %assign/v0 v0xdf0c60_0, 0, 8;
    %jmp T_22;
    .thread T_22, $push;
    .scope S_0xdf0470;
T_23 ;
    %wait E_0xdf0560;
    %load/v 8, v0xdf0980_0, 1;
    %mov 9, 0, 2;
    %cmpi/u 8, 1, 3;
    %jmp/0xz  T_23.0, 4;
    %load/v 8, v0xdf06f0_0, 8;
    %inv 8, 8;
    %set/v v0xdf0800_0, 8, 1;
    %jmp T_23.1;
T_23.0 ;
    %load/v 8, v0xdf06f0_0, 8;
    %set/v v0xdf0800_0, 8, 1;
T_23.1 ;
    %load/v 8, v0xdf05c0_0, 8;
    %load/v 16, v0xdf0800_0, 1;
    %mov 17, 0, 7;
    %add 8, 16, 8;
    %set/v v0xdf08a0_0, 8, 8;
    %jmp T_23;
    .thread T_23, $push;
    .scope S_0xdf0050;
T_24 ;
    %wait E_0xdf0140;
    %load/v 8, v0xdf03c0_0, 1;
    %mov 9, 0, 1;
    %cmpi/u 8, 0, 2;
    %jmp/0xz  T_24.0, 4;
    %load/v 8, v0xdf01b0_0, 8;
    %ix/load 0, 8, 0;
    %assign/v0 v0xdf0310_0, 0, 8;
    %jmp T_24.1;
T_24.0 ;
    %load/v 8, v0xdf0270_0, 8;
    %ix/load 0, 8, 0;
    %assign/v0 v0xdf0310_0, 0, 8;
T_24.1 ;
    %jmp T_24;
    .thread T_24, $push;
    .scope S_0xdefc40;
T_25 ;
    %wait E_0xdefd30;
    %load/v 8, v0xdeffa0_0, 1;
    %mov 9, 0, 1;
    %cmpi/u 8, 0, 2;
    %jmp/0xz  T_25.0, 4;
    %load/v 8, v0xdefda0_0, 8;
    %ix/load 0, 8, 0;
    %assign/v0 v0xdeff00_0, 0, 8;
    %jmp T_25.1;
T_25.0 ;
    %load/v 8, v0xdefe60_0, 8;
    %ix/load 0, 8, 0;
    %assign/v0 v0xdeff00_0, 0, 8;
T_25.1 ;
    %jmp T_25;
    .thread T_25, $push;
    .scope S_0xdeebb0;
T_26 ;
    %wait E_0xded600;
    %load/v 8, v0xdef030_0, 2;
    %cmpi/u 8, 0, 2;
    %jmp/1 T_26.0, 6;
    %cmpi/u 8, 1, 2;
    %jmp/1 T_26.1, 6;
    %cmpi/u 8, 2, 2;
    %jmp/1 T_26.2, 6;
    %cmpi/u 8, 3, 2;
    %jmp/1 T_26.3, 6;
    %jmp T_26.4;
T_26.0 ;
    %load/v 8, v0xdeece0_0, 1;
    %set/v v0xdeeda0_0, 8, 1;
    %set/v v0xdeee40_0, 0, 1;
    %set/v v0xdeeee0_0, 0, 1;
    %set/v v0xdeef90_0, 0, 1;
    %jmp T_26.4;
T_26.1 ;
    %set/v v0xdeeda0_0, 0, 1;
    %load/v 8, v0xdeece0_0, 1;
    %set/v v0xdeee40_0, 8, 1;
    %set/v v0xdeeee0_0, 0, 1;
    %set/v v0xdeef90_0, 0, 1;
    %jmp T_26.4;
T_26.2 ;
    %set/v v0xdeeda0_0, 0, 1;
    %set/v v0xdeee40_0, 0, 1;
    %load/v 8, v0xdeece0_0, 1;
    %set/v v0xdeeee0_0, 8, 1;
    %set/v v0xdeef90_0, 0, 1;
    %jmp T_26.4;
T_26.3 ;
    %set/v v0xdeeda0_0, 0, 1;
    %set/v v0xdeee40_0, 0, 1;
    %set/v v0xdeeee0_0, 0, 1;
    %load/v 8, v0xdeece0_0, 1;
    %set/v v0xdeef90_0, 8, 1;
    %jmp T_26.4;
T_26.4 ;
    %jmp T_26;
    .thread T_26, $push;
    .scope S_0xdee770;
T_27 ;
    %wait E_0xded6b0;
    %load/v 8, v0xdee9e0_0, 8;
    %ix/load 0, 8, 0;
    %assign/v0 v0xdeea60_0, 0, 8;
    %jmp T_27;
    .thread T_27;
    .scope S_0xdee2d0;
T_28 ;
    %wait E_0xded760;
    %load/v 8, v0xdee550_0, 8;
    %ix/load 0, 8, 0;
    %assign/v0 v0xdee620_0, 0, 8;
    %jmp T_28;
    .thread T_28;
    .scope S_0xdede00;
T_29 ;
    %wait E_0xded840;
    %load/v 8, v0xdee0a0_0, 8;
    %ix/load 0, 8, 0;
    %assign/v0 v0xdee150_0, 0, 8;
    %jmp T_29;
    .thread T_29;
    .scope S_0xdeda00;
T_30 ;
    %wait E_0xded810;
    %load/v 8, v0xdedc10_0, 8;
    %ix/load 0, 8, 0;
    %assign/v0 v0xdedcb0_0, 0, 8;
    %jmp T_30;
    .thread T_30;
    .scope S_0xded490;
T_31 ;
    %wait E_0xded360;
    %load/v 8, v0xded940_0, 2;
    %cmpi/u 8, 0, 2;
    %jmp/1 T_31.0, 6;
    %cmpi/u 8, 1, 2;
    %jmp/1 T_31.1, 6;
    %cmpi/u 8, 2, 2;
    %jmp/1 T_31.2, 6;
    %cmpi/u 8, 3, 2;
    %jmp/1 T_31.3, 6;
    %jmp T_31.4;
T_31.0 ;
    %load/v 8, v0xded580_0, 8;
    %set/v v0xded870_0, 8, 8;
    %jmp T_31.4;
T_31.1 ;
    %load/v 8, v0xded630_0, 8;
    %set/v v0xded870_0, 8, 8;
    %jmp T_31.4;
T_31.2 ;
    %load/v 8, v0xded6e0_0, 8;
    %set/v v0xded870_0, 8, 8;
    %jmp T_31.4;
T_31.3 ;
    %load/v 8, v0xded790_0, 8;
    %set/v v0xded870_0, 8, 8;
    %jmp T_31.4;
T_31.4 ;
    %jmp T_31;
    .thread T_31, $push;
    .scope S_0xded010;
T_32 ;
    %wait E_0xded100;
    %load/v 8, v0xded410_0, 2;
    %cmpi/u 8, 0, 2;
    %jmp/1 T_32.0, 6;
    %cmpi/u 8, 1, 2;
    %jmp/1 T_32.1, 6;
    %cmpi/u 8, 2, 2;
    %jmp/1 T_32.2, 6;
    %cmpi/u 8, 3, 2;
    %jmp/1 T_32.3, 6;
    %jmp T_32.4;
T_32.0 ;
    %load/v 8, v0xded160_0, 8;
    %set/v v0xded390_0, 8, 8;
    %jmp T_32.4;
T_32.1 ;
    %load/v 8, v0xded1e0_0, 8;
    %set/v v0xded390_0, 8, 8;
    %jmp T_32.4;
T_32.2 ;
    %load/v 8, v0xded260_0, 8;
    %set/v v0xded390_0, 8, 8;
    %jmp T_32.4;
T_32.3 ;
    %load/v 8, v0xded2e0_0, 8;
    %set/v v0xded390_0, 8, 8;
    %jmp T_32.4;
T_32.4 ;
    %jmp T_32;
    .thread T_32, $push;
    .scope S_0xdecef0;
T_33 ;
    %wait E_0xdecfe0;
    %ix/load 1, 7, 0;
    %mov 4, 0, 1;
    %jmp/1 T_33.0, 4;
    %load/x1p 8, v0xdef200_0, 1;
    %jmp T_33.1;
T_33.0 ;
    %mov 8, 2, 1;
T_33.1 ;
; Save base=8 wid=1 in lookaside.
    %ix/load 0, 1, 0;
    %assign/v0 v0xdef550_0, 0, 8;
    %load/v 8, v0xdef200_0, 1; Only need 1 of 8 bits
; Save base=8 wid=1 in lookaside.
    %ix/load 1, 1, 0;
    %mov 4, 0, 1;
    %jmp/1 T_33.2, 4;
    %load/x1p 9, v0xdef200_0, 1;
    %jmp T_33.3;
T_33.2 ;
    %mov 9, 2, 1;
T_33.3 ;
; Save base=9 wid=1 in lookaside.
    %or 8, 9, 1;
    %ix/load 1, 2, 0;
    %mov 4, 0, 1;
    %jmp/1 T_33.4, 4;
    %load/x1p 9, v0xdef200_0, 1;
    %jmp T_33.5;
T_33.4 ;
    %mov 9, 2, 1;
T_33.5 ;
; Save base=9 wid=1 in lookaside.
    %or 8, 9, 1;
    %ix/load 1, 3, 0;
    %mov 4, 0, 1;
    %jmp/1 T_33.6, 4;
    %load/x1p 9, v0xdef200_0, 1;
    %jmp T_33.7;
T_33.6 ;
    %mov 9, 2, 1;
T_33.7 ;
; Save base=9 wid=1 in lookaside.
    %or 8, 9, 1;
    %ix/load 1, 4, 0;
    %mov 4, 0, 1;
    %jmp/1 T_33.8, 4;
    %load/x1p 9, v0xdef200_0, 1;
    %jmp T_33.9;
T_33.8 ;
    %mov 9, 2, 1;
T_33.9 ;
; Save base=9 wid=1 in lookaside.
    %or 8, 9, 1;
    %ix/load 1, 5, 0;
    %mov 4, 0, 1;
    %jmp/1 T_33.10, 4;
    %load/x1p 9, v0xdef200_0, 1;
    %jmp T_33.11;
T_33.10 ;
    %mov 9, 2, 1;
T_33.11 ;
; Save base=9 wid=1 in lookaside.
    %or 8, 9, 1;
    %ix/load 1, 6, 0;
    %mov 4, 0, 1;
    %jmp/1 T_33.12, 4;
    %load/x1p 9, v0xdef200_0, 1;
    %jmp T_33.13;
T_33.12 ;
    %mov 9, 2, 1;
T_33.13 ;
; Save base=9 wid=1 in lookaside.
    %or 8, 9, 1;
    %ix/load 1, 7, 0;
    %mov 4, 0, 1;
    %jmp/1 T_33.14, 4;
    %load/x1p 9, v0xdef200_0, 1;
    %jmp T_33.15;
T_33.14 ;
    %mov 9, 2, 1;
T_33.15 ;
; Save base=9 wid=1 in lookaside.
    %or 8, 9, 1;
    %ix/load 0, 1, 0;
    %assign/v0 v0xdefad0_0, 0, 8;
    %jmp T_33;
    .thread T_33;
    .scope S_0xdec1d0;
T_34 ;
    %wait E_0xdec2c0;
    %load/v 8, v0xdec490_0, 8;
    %ix/load 0, 8, 0;
    %assign/v0 v0xdec540_0, 0, 8;
    %jmp T_34;
    .thread T_34;
    .scope S_0xdebe00;
T_35 ;
    %wait E_0xdebc50;
    %load/v 8, v0xdec120_0, 1;
    %mov 9, 0, 1;
    %cmpi/u 8, 0, 2;
    %jmp/0xz  T_35.0, 4;
    %load/v 8, v0xdebf30_0, 8;
    %ix/load 0, 8, 0;
    %assign/v0 v0xdec080_0, 0, 8;
    %jmp T_35.1;
T_35.0 ;
    %load/v 8, v0xdec000_0, 8;
    %ix/load 0, 8, 0;
    %assign/v0 v0xdec080_0, 0, 8;
T_35.1 ;
    %jmp T_35;
    .thread T_35, $push;
    .scope S_0xd757c0;
T_36 ;
    %wait E_0xdd17f0;
    %load/v 8, v0xdebd20_0, 2;
    %cmpi/u 8, 0, 2;
    %jmp/1 T_36.0, 6;
    %cmpi/u 8, 1, 2;
    %jmp/1 T_36.1, 6;
    %cmpi/u 8, 2, 2;
    %jmp/1 T_36.2, 6;
    %cmpi/u 8, 3, 2;
    %jmp/1 T_36.3, 6;
    %jmp T_36.4;
T_36.0 ;
    %load/v 8, v0xdb4b20_0, 8;
    %set/v v0xdebc80_0, 8, 8;
    %jmp T_36.4;
T_36.1 ;
    %load/v 8, v0xdeba90_0, 8;
    %set/v v0xdebc80_0, 8, 8;
    %jmp T_36.4;
T_36.2 ;
    %load/v 8, v0xdebb30_0, 8;
    %set/v v0xdebc80_0, 8, 8;
    %jmp T_36.4;
T_36.3 ;
    %load/v 8, v0xdebbd0_0, 8;
    %set/v v0xdebc80_0, 8, 8;
    %jmp T_36.4;
T_36.4 ;
    %jmp T_36;
    .thread T_36, $push;
    .scope S_0xdd11a0;
T_37 ;
    %set/v v0xdeca60_0, 0, 8;
    %end;
    .thread T_37;
    .scope S_0xdd11a0;
T_38 ;
    %wait E_0xdbc350;
    %ix/load 0, 1, 0;
    %load/vp0 8, v0xdeccc0_0, 8;
    %ix/load 0, 8, 0;
    %assign/v0 v0xdeca60_0, 0, 8;
    %jmp T_38;
    .thread T_38, $push;
    .scope S_0xdc6360;
T_39 ;
    %vpi_call 2 17 "$dumpfile", "wave.vcd";
    %vpi_call 2 18 "$dumpvars", 1'sb0, S_0xdc6360;
    %vpi_call 2 19 "$display", "8-Bit Von Neumann CPU";
    %ix/load 0, 1, 0;
    %assign/v0 v0xdf6c40_0, 0, 0;
    %ix/load 0, 1, 0;
    %assign/v0 v0xdf7740_0, 0, 0;
    %ix/load 0, 1, 0;
    %assign/v0 v0xdf72e0_0, 0, 0;
    %ix/load 0, 1, 0;
    %assign/v0 v0xdf7160_0, 0, 0;
    %ix/load 0, 1, 0;
    %assign/v0 v0xdf7060_0, 0, 0;
    %ix/load 0, 1, 0;
    %assign/v0 v0xdf7520_0, 0, 0;
    %ix/load 0, 1, 0;
    %assign/v0 v0xdf7260_0, 0, 0;
    %ix/load 0, 1, 0;
    %assign/v0 v0xdf7640_0, 0, 0;
    %ix/load 0, 1, 0;
    %assign/v0 v0xdf6fe0_0, 0, 0;
    %ix/load 0, 2, 0;
    %assign/v0 v0xdf6ee0_0, 0, 0;
    %ix/load 0, 2, 0;
    %assign/v0 v0xdf77f0_0, 0, 0;
    %ix/load 0, 2, 0;
    %assign/v0 v0xdf6ab0_0, 0, 0;
    %ix/load 0, 2, 0;
    %assign/v0 v0xdf76c0_0, 0, 0;
    %ix/load 0, 2, 0;
    %assign/v0 v0xdf6a30_0, 0, 0;
    %end;
    .thread T_39;
    .scope S_0xdc6360;
T_40 ;
T_40.0 ;
    %delay 50, 0;
    %load/v 8, v0xdf6c40_0, 1;
    %inv 8, 1;
    %set/v v0xdf6c40_0, 8, 1;
    %jmp T_40.0;
    %end;
    .thread T_40;
    .scope S_0xdc6360;
T_41 ;
    %delay 1000, 0;
    %vpi_call 2 58 "$finish";
    %end;
    .thread T_41;
    .scope S_0xdc6360;
T_42 ;
    %vpi_call 2 61 "$monitor", "Phasekk = %b", " ";
    %end;
    .thread T_42;
# The file index is used to find the file name in the following table.
:file_names 9;
    "N/A";
    "<interactive>";
    "test.v";
    "controlUnit.v";
    "single_port_ram.v";
    "8-bit-resister.v";
    "8-bitALU.v";
    "registerFile.v";
    "4X1_mux.v";
